DEBUG:root:Empezo función process.
DEBUG:root:Verificación archivos para crear modelos.
DEBUG:root:Modelo clasificación tweets existente cargado exitosamente.
DEBUG:root:Modelo cuantificación tweets existente cargado exitosamente.
DEBUG:root:Empezo descargue de datos desde base de datos postgress
DEBUG:py4j.java_gateway:Command to send: A
fe460c3db7984e7361bbd02a3feed6492a7c635df793585d1df29baa4ead42f3

DEBUG:py4j.java_gateway:Answer received: !yv
DEBUG:py4j.java_gateway:Command to send: j
i
rj
org.apache.spark.SparkConf
e

DEBUG:py4j.java_gateway:Answer received: !yv
DEBUG:py4j.java_gateway:Command to send: j
i
rj
org.apache.spark.api.java.*
e

DEBUG:py4j.java_gateway:Answer received: !yv
DEBUG:py4j.java_gateway:Command to send: j
i
rj
org.apache.spark.api.python.*
e

DEBUG:py4j.java_gateway:Answer received: !yv
DEBUG:py4j.java_gateway:Command to send: j
i
rj
org.apache.spark.ml.python.*
e

DEBUG:py4j.java_gateway:Answer received: !yv
DEBUG:py4j.java_gateway:Command to send: j
i
rj
org.apache.spark.mllib.api.python.*
e

DEBUG:py4j.java_gateway:Answer received: !yv
DEBUG:py4j.java_gateway:Command to send: j
i
rj
org.apache.spark.resource.*
e

DEBUG:py4j.java_gateway:Answer received: !yv
DEBUG:py4j.java_gateway:Command to send: j
i
rj
org.apache.spark.sql.*
e

DEBUG:py4j.java_gateway:Answer received: !yv
DEBUG:py4j.java_gateway:Command to send: j
i
rj
org.apache.spark.sql.api.python.*
e

DEBUG:py4j.java_gateway:Answer received: !yv
DEBUG:py4j.java_gateway:Command to send: j
i
rj
org.apache.spark.sql.hive.*
e

DEBUG:py4j.java_gateway:Answer received: !yv
DEBUG:py4j.java_gateway:Command to send: j
i
rj
scala.Tuple2
e

DEBUG:py4j.java_gateway:Answer received: !yv
DEBUG:py4j.java_gateway:Command to send: r
u
SparkConf
rj
e

DEBUG:py4j.java_gateway:Answer received: !ycorg.apache.spark.SparkConf
DEBUG:py4j.java_gateway:Command to send: i
org.apache.spark.SparkConf
bTrue
e

DEBUG:py4j.java_gateway:Answer received: !yro0
DEBUG:py4j.java_gateway:Command to send: c
o0
set
sspark.app.name
sPython Spark SQL basic example
e

DEBUG:py4j.java_gateway:Answer received: !yro1
DEBUG:py4j.java_gateway:Command to send: m
d
o1
e

DEBUG:py4j.java_gateway:Answer received: !yv
DEBUG:py4j.java_gateway:Command to send: c
o0
set
sspark.jars
s/home/unal/postgresql-42.2.23.jar
e

DEBUG:py4j.java_gateway:Answer received: !yro2
DEBUG:py4j.java_gateway:Command to send: m
d
o2
e

DEBUG:py4j.java_gateway:Answer received: !yv
DEBUG:py4j.java_gateway:Command to send: c
o0
set
sspark.executor.memory
s70g
e

DEBUG:py4j.java_gateway:Answer received: !yro3
DEBUG:py4j.java_gateway:Command to send: m
d
o3
e

DEBUG:py4j.java_gateway:Answer received: !yv
DEBUG:py4j.java_gateway:Command to send: c
o0
set
sspark.driver.memory
s50g
e

DEBUG:py4j.java_gateway:Answer received: !yro4
DEBUG:py4j.java_gateway:Command to send: m
d
o4
e

DEBUG:py4j.java_gateway:Answer received: !yv
DEBUG:py4j.java_gateway:Command to send: c
o0
set
sspark.memory.offHeap.enabled
sTrue
e

DEBUG:py4j.java_gateway:Answer received: !yro5
DEBUG:py4j.java_gateway:Command to send: m
d
o5
e

DEBUG:py4j.java_gateway:Answer received: !yv
DEBUG:py4j.java_gateway:Command to send: c
o0
set
sspark.memory.offHeap.size
s16g
e

DEBUG:py4j.java_gateway:Answer received: !yro6
DEBUG:py4j.java_gateway:Command to send: m
d
o6
e

DEBUG:py4j.java_gateway:Answer received: !yv
DEBUG:py4j.java_gateway:Command to send: c
o0
contains
sspark.serializer.objectStreamReset
e

DEBUG:py4j.java_gateway:Answer received: !ybfalse
DEBUG:py4j.java_gateway:Command to send: c
o0
set
sspark.serializer.objectStreamReset
s100
e

DEBUG:py4j.java_gateway:Answer received: !yro7
DEBUG:py4j.java_gateway:Command to send: m
d
o7
e

DEBUG:py4j.java_gateway:Answer received: !yv
DEBUG:py4j.java_gateway:Command to send: c
o0
contains
sspark.rdd.compress
e

DEBUG:py4j.java_gateway:Answer received: !ybfalse
DEBUG:py4j.java_gateway:Command to send: c
o0
set
sspark.rdd.compress
sTrue
e

DEBUG:py4j.java_gateway:Answer received: !yro8
DEBUG:py4j.java_gateway:Command to send: m
d
o8
e

DEBUG:py4j.java_gateway:Answer received: !yv
DEBUG:py4j.java_gateway:Command to send: c
o0
contains
sspark.master
e

DEBUG:py4j.java_gateway:Answer received: !ybtrue
DEBUG:py4j.java_gateway:Command to send: c
o0
contains
sspark.app.name
e

DEBUG:py4j.java_gateway:Answer received: !ybtrue
DEBUG:py4j.java_gateway:Command to send: c
o0
contains
sspark.master
e

DEBUG:py4j.java_gateway:Answer received: !ybtrue
DEBUG:py4j.java_gateway:Command to send: c
o0
get
sspark.master
e

DEBUG:py4j.java_gateway:Answer received: !yslocal[*]
DEBUG:py4j.java_gateway:Command to send: c
o0
contains
sspark.app.name
e

DEBUG:py4j.java_gateway:Answer received: !ybtrue
DEBUG:py4j.java_gateway:Command to send: c
o0
get
sspark.app.name
e

DEBUG:py4j.java_gateway:Answer received: !ysPython Spark SQL basic example
DEBUG:py4j.java_gateway:Command to send: c
o0
contains
sspark.home
e

DEBUG:py4j.java_gateway:Answer received: !ybfalse
DEBUG:py4j.java_gateway:Command to send: c
o0
getAll
e

DEBUG:py4j.java_gateway:Answer received: !yto9
DEBUG:py4j.java_gateway:Command to send: a
e
o9
e

DEBUG:py4j.java_gateway:Answer received: !yi13
DEBUG:py4j.java_gateway:Command to send: a
g
o9
i0
e

DEBUG:py4j.java_gateway:Answer received: !yro10
DEBUG:py4j.java_gateway:Command to send: c
o10
_1
e

DEBUG:py4j.java_gateway:Answer received: !ysspark.driver.memory
DEBUG:py4j.java_gateway:Command to send: c
o10
_2
e

DEBUG:py4j.java_gateway:Answer received: !ys50g
DEBUG:py4j.java_gateway:Command to send: a
e
o9
e

DEBUG:py4j.java_gateway:Answer received: !yi13
DEBUG:py4j.java_gateway:Command to send: a
g
o9
i1
e

DEBUG:py4j.java_gateway:Answer received: !yro11
DEBUG:py4j.java_gateway:Command to send: c
o11
_1
e

DEBUG:py4j.java_gateway:Answer received: !ysspark.repl.local.jars
DEBUG:py4j.java_gateway:Command to send: c
o11
_2
e

DEBUG:py4j.java_gateway:Answer received: !ysfile:///home/unal/postgresql-42.2.23.jar
DEBUG:py4j.java_gateway:Command to send: a
e
o9
e

DEBUG:py4j.java_gateway:Answer received: !yi13
DEBUG:py4j.java_gateway:Command to send: a
g
o9
i2
e

DEBUG:py4j.java_gateway:Answer received: !yro12
DEBUG:py4j.java_gateway:Command to send: c
o12
_1
e

DEBUG:py4j.java_gateway:Answer received: !ysspark.rdd.compress
DEBUG:py4j.java_gateway:Command to send: c
o12
_2
e

DEBUG:py4j.java_gateway:Answer received: !ysTrue
DEBUG:py4j.java_gateway:Command to send: a
e
o9
e

DEBUG:py4j.java_gateway:Answer received: !yi13
DEBUG:py4j.java_gateway:Command to send: a
g
o9
i3
e

DEBUG:py4j.java_gateway:Answer received: !yro13
DEBUG:py4j.java_gateway:Command to send: c
o13
_1
e

DEBUG:py4j.java_gateway:Answer received: !ysspark.jars
DEBUG:py4j.java_gateway:Command to send: c
o13
_2
e

DEBUG:py4j.java_gateway:Answer received: !ys/home/unal/postgresql-42.2.23.jar
DEBUG:py4j.java_gateway:Command to send: a
e
o9
e

DEBUG:py4j.java_gateway:Answer received: !yi13
DEBUG:py4j.java_gateway:Command to send: a
g
o9
i4
e

DEBUG:py4j.java_gateway:Answer received: !yro14
DEBUG:py4j.java_gateway:Command to send: c
o14
_1
e

DEBUG:py4j.java_gateway:Answer received: !ysspark.serializer.objectStreamReset
DEBUG:py4j.java_gateway:Command to send: c
o14
_2
e

DEBUG:py4j.java_gateway:Answer received: !ys100
DEBUG:py4j.java_gateway:Command to send: a
e
o9
e

DEBUG:py4j.java_gateway:Answer received: !yi13
DEBUG:py4j.java_gateway:Command to send: a
g
o9
i5
e

DEBUG:py4j.java_gateway:Answer received: !yro15
DEBUG:py4j.java_gateway:Command to send: c
o15
_1
e

DEBUG:py4j.java_gateway:Answer received: !ysspark.master
DEBUG:py4j.java_gateway:Command to send: c
o15
_2
e

DEBUG:py4j.java_gateway:Answer received: !yslocal[*]
DEBUG:py4j.java_gateway:Command to send: a
e
o9
e

DEBUG:py4j.java_gateway:Answer received: !yi13
DEBUG:py4j.java_gateway:Command to send: a
g
o9
i6
e

DEBUG:py4j.java_gateway:Answer received: !yro16
DEBUG:py4j.java_gateway:Command to send: c
o16
_1
e

DEBUG:py4j.java_gateway:Answer received: !ysspark.submit.pyFiles
DEBUG:py4j.java_gateway:Command to send: c
o16
_2
e

DEBUG:py4j.java_gateway:Answer received: !ys
DEBUG:py4j.java_gateway:Command to send: a
e
o9
e

DEBUG:py4j.java_gateway:Answer received: !yi13
DEBUG:py4j.java_gateway:Command to send: a
g
o9
i7
e

DEBUG:py4j.java_gateway:Answer received: !yro17
DEBUG:py4j.java_gateway:Command to send: c
o17
_1
e

DEBUG:py4j.java_gateway:Answer received: !ysspark.executor.memory
DEBUG:py4j.java_gateway:Command to send: c
o17
_2
e

DEBUG:py4j.java_gateway:Answer received: !ys70g
DEBUG:py4j.java_gateway:Command to send: a
e
o9
e

DEBUG:py4j.java_gateway:Answer received: !yi13
DEBUG:py4j.java_gateway:Command to send: a
g
o9
i8
e

DEBUG:py4j.java_gateway:Answer received: !yro18
DEBUG:py4j.java_gateway:Command to send: c
o18
_1
e

DEBUG:py4j.java_gateway:Answer received: !ysspark.app.name
DEBUG:py4j.java_gateway:Command to send: c
o18
_2
e

DEBUG:py4j.java_gateway:Answer received: !ysPython Spark SQL basic example
DEBUG:py4j.java_gateway:Command to send: a
e
o9
e

DEBUG:py4j.java_gateway:Answer received: !yi13
DEBUG:py4j.java_gateway:Command to send: a
g
o9
i9
e

DEBUG:py4j.java_gateway:Answer received: !yro19
DEBUG:py4j.java_gateway:Command to send: c
o19
_1
e

DEBUG:py4j.java_gateway:Answer received: !ysspark.submit.deployMode
DEBUG:py4j.java_gateway:Command to send: c
o19
_2
e

DEBUG:py4j.java_gateway:Answer received: !ysclient
DEBUG:py4j.java_gateway:Command to send: a
e
o9
e

DEBUG:py4j.java_gateway:Answer received: !yi13
DEBUG:py4j.java_gateway:Command to send: a
g
o9
i10
e

DEBUG:py4j.java_gateway:Answer received: !yro20
DEBUG:py4j.java_gateway:Command to send: c
o20
_1
e

DEBUG:py4j.java_gateway:Answer received: !ysspark.memory.offHeap.enabled
DEBUG:py4j.java_gateway:Command to send: c
o20
_2
e

DEBUG:py4j.java_gateway:Answer received: !ysTrue
DEBUG:py4j.java_gateway:Command to send: a
e
o9
e

DEBUG:py4j.java_gateway:Answer received: !yi13
DEBUG:py4j.java_gateway:Command to send: a
g
o9
i11
e

DEBUG:py4j.java_gateway:Answer received: !yro21
DEBUG:py4j.java_gateway:Command to send: c
o21
_1
e

DEBUG:py4j.java_gateway:Answer received: !ysspark.ui.showConsoleProgress
DEBUG:py4j.java_gateway:Command to send: c
o21
_2
e

DEBUG:py4j.java_gateway:Answer received: !ystrue
DEBUG:py4j.java_gateway:Command to send: a
e
o9
e

DEBUG:py4j.java_gateway:Answer received: !yi13
DEBUG:py4j.java_gateway:Command to send: a
g
o9
i12
e

DEBUG:py4j.java_gateway:Answer received: !yro22
DEBUG:py4j.java_gateway:Command to send: c
o22
_1
e

DEBUG:py4j.java_gateway:Answer received: !ysspark.memory.offHeap.size
DEBUG:py4j.java_gateway:Command to send: A
fe460c3db7984e7361bbd02a3feed6492a7c635df793585d1df29baa4ead42f3

DEBUG:py4j.java_gateway:Answer received: !yv
DEBUG:py4j.java_gateway:Command to send: m
d
o10
e

DEBUG:py4j.java_gateway:Answer received: !yv
DEBUG:py4j.java_gateway:Command to send: m
d
o11
e

DEBUG:py4j.java_gateway:Answer received: !yv
DEBUG:py4j.java_gateway:Command to send: m
d
o12
e

DEBUG:py4j.java_gateway:Answer received: !yv
DEBUG:py4j.java_gateway:Command to send: m
d
o13
e

DEBUG:py4j.java_gateway:Answer received: !yv
DEBUG:py4j.java_gateway:Command to send: m
d
o14
e

DEBUG:py4j.java_gateway:Answer received: !yv
DEBUG:py4j.java_gateway:Command to send: m
d
o15
e

DEBUG:py4j.java_gateway:Answer received: !yv
DEBUG:py4j.java_gateway:Command to send: m
d
o16
e

DEBUG:py4j.java_gateway:Answer received: !yv
DEBUG:py4j.java_gateway:Command to send: m
d
o17
e

DEBUG:py4j.java_gateway:Answer received: !yv
DEBUG:py4j.java_gateway:Command to send: m
d
o18
e

DEBUG:py4j.java_gateway:Answer received: !yv
DEBUG:py4j.java_gateway:Command to send: m
d
o19
e

DEBUG:py4j.java_gateway:Answer received: !yv
DEBUG:py4j.java_gateway:Command to send: m
d
o20
e

DEBUG:py4j.java_gateway:Answer received: !yv
DEBUG:py4j.java_gateway:Command to send: m
d
o21
e

DEBUG:py4j.java_gateway:Answer received: !yv
DEBUG:py4j.java_gateway:Command to send: c
o22
_2
e

DEBUG:py4j.java_gateway:Answer received: !ys16g
DEBUG:py4j.java_gateway:Command to send: a
e
o9
e

DEBUG:py4j.java_gateway:Answer received: !yi13
DEBUG:py4j.java_gateway:Command to send: m
d
o9
e

DEBUG:py4j.java_gateway:Answer received: !yv
DEBUG:py4j.java_gateway:Command to send: r
u
JavaSparkContext
rj
e

DEBUG:py4j.java_gateway:Answer received: !ycorg.apache.spark.api.java.JavaSparkContext
DEBUG:py4j.java_gateway:Command to send: i
org.apache.spark.api.java.JavaSparkContext
ro0
e

DEBUG:py4j.java_gateway:Answer received: !yro23
DEBUG:py4j.java_gateway:Command to send: c
o23
sc
e

DEBUG:py4j.java_gateway:Answer received: !yro24
DEBUG:py4j.java_gateway:Command to send: c
o24
conf
e

DEBUG:py4j.java_gateway:Answer received: !yro25
DEBUG:py4j.java_gateway:Command to send: r
u
PythonAccumulatorV2
rj
e

DEBUG:py4j.java_gateway:Answer received: !ycorg.apache.spark.api.python.PythonAccumulatorV2
DEBUG:py4j.java_gateway:Command to send: i
org.apache.spark.api.python.PythonAccumulatorV2
s127.0.0.1
i51227
sfe460c3db7984e7361bbd02a3feed6492a7c635df793585d1df29baa4ead42f3
e

DEBUG:py4j.java_gateway:Answer received: !yro26
DEBUG:py4j.java_gateway:Command to send: c
o23
sc
e

DEBUG:py4j.java_gateway:Answer received: !yro27
DEBUG:py4j.java_gateway:Command to send: c
o27
register
ro26
e

DEBUG:py4j.java_gateway:Answer received: !yv
DEBUG:py4j.java_gateway:Command to send: r
u
PythonUtils
rj
e

DEBUG:py4j.java_gateway:Answer received: !ycorg.apache.spark.api.python.PythonUtils
DEBUG:py4j.java_gateway:Command to send: r
m
org.apache.spark.api.python.PythonUtils
isEncryptionEnabled
e

DEBUG:py4j.java_gateway:Answer received: !ym
DEBUG:py4j.java_gateway:Command to send: c
z:org.apache.spark.api.python.PythonUtils
isEncryptionEnabled
ro23
e

DEBUG:py4j.java_gateway:Answer received: !ybfalse
DEBUG:py4j.java_gateway:Command to send: r
u
PythonUtils
rj
e

DEBUG:py4j.java_gateway:Answer received: !ycorg.apache.spark.api.python.PythonUtils
DEBUG:py4j.java_gateway:Command to send: r
m
org.apache.spark.api.python.PythonUtils
getPythonAuthSocketTimeout
e

DEBUG:py4j.java_gateway:Answer received: !ym
DEBUG:py4j.java_gateway:Command to send: c
z:org.apache.spark.api.python.PythonUtils
getPythonAuthSocketTimeout
ro23
e

DEBUG:py4j.java_gateway:Answer received: !yL15
DEBUG:py4j.java_gateway:Command to send: r
u
PythonUtils
rj
e

DEBUG:py4j.java_gateway:Answer received: !ycorg.apache.spark.api.python.PythonUtils
DEBUG:py4j.java_gateway:Command to send: r
m
org.apache.spark.api.python.PythonUtils
getSparkBufferSize
e

DEBUG:py4j.java_gateway:Answer received: !ym
DEBUG:py4j.java_gateway:Command to send: c
z:org.apache.spark.api.python.PythonUtils
getSparkBufferSize
ro23
e

DEBUG:py4j.java_gateway:Answer received: !yi65536
DEBUG:py4j.java_gateway:Command to send: r
u
org
rj
e

DEBUG:py4j.java_gateway:Answer received: !yp
DEBUG:py4j.java_gateway:Command to send: r
u
org.apache
rj
e

DEBUG:py4j.java_gateway:Answer received: !yp
DEBUG:py4j.java_gateway:Command to send: r
u
org.apache.spark
rj
e

DEBUG:py4j.java_gateway:Answer received: !yp
DEBUG:py4j.java_gateway:Command to send: r
u
org.apache.spark.SparkFiles
rj
e

DEBUG:py4j.java_gateway:Answer received: !ycorg.apache.spark.SparkFiles
DEBUG:py4j.java_gateway:Command to send: r
m
org.apache.spark.SparkFiles
getRootDirectory
e

DEBUG:py4j.java_gateway:Answer received: !ym
DEBUG:py4j.java_gateway:Command to send: c
z:org.apache.spark.SparkFiles
getRootDirectory
e

DEBUG:py4j.java_gateway:Answer received: !ys/tmp/spark-0112d41d-2aec-4438-be2e-0a8a7d7314cc/userFiles-8aa1dfc9-cb24-41dd-bbd9-5c58da989f80
DEBUG:py4j.java_gateway:Command to send: c
o25
get
sspark.submit.pyFiles
s
e

DEBUG:py4j.java_gateway:Answer received: !ys
DEBUG:py4j.java_gateway:Command to send: r
u
org
rj
e

DEBUG:py4j.java_gateway:Answer received: !yp
DEBUG:py4j.java_gateway:Command to send: r
u
org.apache
rj
e

DEBUG:py4j.java_gateway:Answer received: !yp
DEBUG:py4j.java_gateway:Command to send: r
u
org.apache.spark
rj
e

DEBUG:py4j.java_gateway:Answer received: !yp
DEBUG:py4j.java_gateway:Command to send: r
u
org.apache.spark.util
rj
e

DEBUG:py4j.java_gateway:Answer received: !yp
DEBUG:py4j.java_gateway:Command to send: r
u
org.apache.spark.util.Utils
rj
e

DEBUG:py4j.java_gateway:Answer received: !ycorg.apache.spark.util.Utils
DEBUG:py4j.java_gateway:Command to send: r
m
org.apache.spark.util.Utils
getLocalDir
e

DEBUG:py4j.java_gateway:Answer received: !ym
DEBUG:py4j.java_gateway:Command to send: c
o23
sc
e

DEBUG:py4j.java_gateway:Answer received: !yro28
DEBUG:py4j.java_gateway:Command to send: c
o28
conf
e

DEBUG:py4j.java_gateway:Answer received: !yro29
DEBUG:py4j.java_gateway:Command to send: c
z:org.apache.spark.util.Utils
getLocalDir
ro29
e

DEBUG:py4j.java_gateway:Answer received: !ys/tmp/spark-0112d41d-2aec-4438-be2e-0a8a7d7314cc
DEBUG:py4j.java_gateway:Command to send: r
u
org
rj
e

DEBUG:py4j.java_gateway:Answer received: !yp
DEBUG:py4j.java_gateway:Command to send: r
u
org.apache
rj
e

DEBUG:py4j.java_gateway:Answer received: !yp
DEBUG:py4j.java_gateway:Command to send: r
u
org.apache.spark
rj
e

DEBUG:py4j.java_gateway:Answer received: !yp
DEBUG:py4j.java_gateway:Command to send: r
u
org.apache.spark.util
rj
e

DEBUG:py4j.java_gateway:Answer received: !yp
DEBUG:py4j.java_gateway:Command to send: r
u
org.apache.spark.util.Utils
rj
e

DEBUG:py4j.java_gateway:Answer received: !ycorg.apache.spark.util.Utils
DEBUG:py4j.java_gateway:Command to send: r
m
org.apache.spark.util.Utils
createTempDir
e

DEBUG:py4j.java_gateway:Answer received: !ym
DEBUG:py4j.java_gateway:Command to send: c
z:org.apache.spark.util.Utils
createTempDir
s/tmp/spark-0112d41d-2aec-4438-be2e-0a8a7d7314cc
spyspark
e

DEBUG:py4j.java_gateway:Answer received: !yro30
DEBUG:py4j.java_gateway:Command to send: c
o30
getAbsolutePath
e

DEBUG:py4j.java_gateway:Answer received: !ys/tmp/spark-0112d41d-2aec-4438-be2e-0a8a7d7314cc/pyspark-ba948b69-a89e-469e-86d7-f3186a18b529
DEBUG:py4j.java_gateway:Command to send: c
o25
get
sspark.python.profile
sfalse
e

DEBUG:py4j.java_gateway:Answer received: !ysfalse
DEBUG:py4j.java_gateway:Command to send: r
u
SparkSession
rj
e

DEBUG:py4j.java_gateway:Answer received: !ycorg.apache.spark.sql.SparkSession
DEBUG:py4j.java_gateway:Command to send: r
m
org.apache.spark.sql.SparkSession
getDefaultSession
e

DEBUG:py4j.java_gateway:Answer received: !ym
DEBUG:py4j.java_gateway:Command to send: c
z:org.apache.spark.sql.SparkSession
getDefaultSession
e

DEBUG:py4j.java_gateway:Answer received: !yro31
DEBUG:py4j.java_gateway:Command to send: c
o31
isDefined
e

DEBUG:py4j.java_gateway:Answer received: !ybfalse
DEBUG:py4j.java_gateway:Command to send: r
u
SparkSession
rj
e

DEBUG:py4j.java_gateway:Answer received: !ycorg.apache.spark.sql.SparkSession
DEBUG:py4j.java_gateway:Command to send: c
o23
sc
e

DEBUG:py4j.java_gateway:Answer received: !yro32
DEBUG:py4j.java_gateway:Command to send: i
org.apache.spark.sql.SparkSession
ro32
e

DEBUG:py4j.java_gateway:Answer received: !yro33
DEBUG:py4j.java_gateway:Command to send: c
o33
sqlContext
e

DEBUG:py4j.java_gateway:Answer received: !yro34
DEBUG:py4j.java_gateway:Command to send: r
u
SparkSession
rj
e

DEBUG:py4j.java_gateway:Answer received: !ycorg.apache.spark.sql.SparkSession
DEBUG:py4j.java_gateway:Command to send: r
m
org.apache.spark.sql.SparkSession
setDefaultSession
e

DEBUG:py4j.java_gateway:Answer received: !ym
DEBUG:py4j.java_gateway:Command to send: c
z:org.apache.spark.sql.SparkSession
setDefaultSession
ro33
e

DEBUG:py4j.java_gateway:Answer received: !yv
DEBUG:py4j.java_gateway:Command to send: r
u
SparkSession
rj
e

DEBUG:py4j.java_gateway:Answer received: !ycorg.apache.spark.sql.SparkSession
DEBUG:py4j.java_gateway:Command to send: r
m
org.apache.spark.sql.SparkSession
setActiveSession
e

DEBUG:py4j.java_gateway:Answer received: !ym
DEBUG:py4j.java_gateway:Command to send: c
z:org.apache.spark.sql.SparkSession
setActiveSession
ro33
e

DEBUG:py4j.java_gateway:Answer received: !yv
DEBUG:py4j.java_gateway:Command to send: c
o33
sessionState
e

DEBUG:py4j.java_gateway:Answer received: !yro35
DEBUG:py4j.java_gateway:Command to send: c
o35
conf
e

DEBUG:py4j.java_gateway:Answer received: !yro36
DEBUG:py4j.java_gateway:Command to send: c
o36
setConfString
sspark.app.name
sPython Spark SQL basic example
e

DEBUG:py4j.java_gateway:Answer received: !yv
DEBUG:py4j.java_gateway:Command to send: c
o33
sessionState
e

DEBUG:py4j.java_gateway:Answer received: !yro37
DEBUG:py4j.java_gateway:Command to send: c
o37
conf
e

DEBUG:py4j.java_gateway:Answer received: !yro38
DEBUG:py4j.java_gateway:Command to send: c
o38
setConfString
sspark.jars
s/home/unal/postgresql-42.2.23.jar
e

DEBUG:py4j.java_gateway:Answer received: !yv
DEBUG:py4j.java_gateway:Command to send: c
o33
sessionState
e

DEBUG:py4j.java_gateway:Answer received: !yro39
DEBUG:py4j.java_gateway:Command to send: c
o39
conf
e

DEBUG:py4j.java_gateway:Answer received: !yro40
DEBUG:py4j.java_gateway:Command to send: c
o40
setConfString
sspark.executor.memory
s70g
e

DEBUG:py4j.java_gateway:Answer received: !yv
DEBUG:py4j.java_gateway:Command to send: c
o33
sessionState
e

DEBUG:py4j.java_gateway:Answer received: !yro41
DEBUG:py4j.java_gateway:Command to send: c
o41
conf
e

DEBUG:py4j.java_gateway:Answer received: !yro42
DEBUG:py4j.java_gateway:Command to send: c
o42
setConfString
sspark.driver.memory
s50g
e

DEBUG:py4j.java_gateway:Answer received: !yv
DEBUG:py4j.java_gateway:Command to send: c
o33
sessionState
e

DEBUG:py4j.java_gateway:Answer received: !yro43
DEBUG:py4j.java_gateway:Command to send: c
o43
conf
e

DEBUG:py4j.java_gateway:Answer received: !yro44
DEBUG:py4j.java_gateway:Command to send: c
o44
setConfString
sspark.memory.offHeap.enabled
sTrue
e

DEBUG:py4j.java_gateway:Answer received: !yv
DEBUG:py4j.java_gateway:Command to send: c
o33
sessionState
e

DEBUG:py4j.java_gateway:Answer received: !yro45
DEBUG:py4j.java_gateway:Command to send: c
o45
conf
e

DEBUG:py4j.java_gateway:Answer received: !yro46
DEBUG:py4j.java_gateway:Command to send: c
o46
setConfString
sspark.memory.offHeap.size
s16g
e

DEBUG:py4j.java_gateway:Answer received: !yv
DEBUG:py4j.java_gateway:Command to send: c
o23
setLogLevel
sFATAL
e

DEBUG:py4j.java_gateway:Answer received: !yv
DEBUG:py4j.java_gateway:Command to send: c
o34
read
e

DEBUG:py4j.java_gateway:Answer received: !yro47
DEBUG:py4j.java_gateway:Command to send: c
o47
format
sjdbc
e

DEBUG:py4j.java_gateway:Answer received: !yro48
DEBUG:py4j.java_gateway:Command to send: c
o48
option
surl
sjdbc:postgresql://localhost:5432/analiticades
e

DEBUG:py4j.java_gateway:Answer received: !yro49
DEBUG:py4j.java_gateway:Command to send: c
o49
option
sdbtable
sdata_percepcion1
e

DEBUG:py4j.java_gateway:Answer received: !yro50
DEBUG:py4j.java_gateway:Command to send: c
o50
option
suser
sunal
e

DEBUG:py4j.java_gateway:Answer received: !yro51
DEBUG:py4j.java_gateway:Command to send: c
o51
option
spassword
sUnal123
e

DEBUG:py4j.java_gateway:Answer received: !yro52
DEBUG:py4j.java_gateway:Command to send: c
o52
option
sdriver
sorg.postgresql.Driver
e

DEBUG:py4j.java_gateway:Answer received: !yro53
DEBUG:py4j.java_gateway:Command to send: c
o53
load
e

DEBUG:py4j.java_gateway:Answer received: !yro54
DEBUG:py4j.java_gateway:Command to send: c
o33
sessionState
e

DEBUG:py4j.java_gateway:Answer received: !yro55
DEBUG:py4j.java_gateway:Command to send: c
o55
conf
e

DEBUG:py4j.java_gateway:Answer received: !yro56
DEBUG:py4j.java_gateway:Command to send: c
o56
sessionLocalTimeZone
e

DEBUG:py4j.java_gateway:Answer received: !ysAmerica/Bogota
DEBUG:py4j.java_gateway:Command to send: c
o33
sessionState
e

DEBUG:py4j.java_gateway:Answer received: !yro57
DEBUG:py4j.java_gateway:Command to send: c
o57
conf
e

DEBUG:py4j.java_gateway:Answer received: !yro58
DEBUG:py4j.java_gateway:Command to send: c
o58
arrowPySparkEnabled
e

DEBUG:py4j.java_gateway:Answer received: !ybfalse
DEBUG:py4j.java_gateway:Command to send: c
o23
setCallSite
stoPandas at /home/unal/percepcion/security_project/utilis.py:68
e

DEBUG:py4j.java_gateway:Answer received: !yv
DEBUG:py4j.java_gateway:Command to send: c
o54
collectToPython
e

DEBUG:py4j.java_gateway:Answer received: !yto59
DEBUG:py4j.java_gateway:Command to send: c
o23
setCallSite
n
e

DEBUG:py4j.java_gateway:Answer received: !yv
DEBUG:py4j.java_gateway:Command to send: a
e
o59
e

DEBUG:py4j.java_gateway:Answer received: !yi3
DEBUG:py4j.java_gateway:Command to send: a
g
o59
i0
e

DEBUG:py4j.java_gateway:Answer received: !yi46739
DEBUG:py4j.java_gateway:Command to send: a
e
o59
e

DEBUG:py4j.java_gateway:Answer received: !yi3
DEBUG:py4j.java_gateway:Command to send: a
g
o59
i1
e

DEBUG:py4j.java_gateway:Answer received: !ys095e316cadb3e1f86488bad307058422bb586121b0658701e98984c62c63c18d
DEBUG:py4j.java_gateway:Command to send: m
d
o24
e

DEBUG:py4j.java_gateway:Answer received: !yv
DEBUG:py4j.java_gateway:Command to send: m
d
o27
e

DEBUG:py4j.java_gateway:Answer received: !yv
DEBUG:py4j.java_gateway:Command to send: m
d
o28
e

DEBUG:py4j.java_gateway:Answer received: !yv
DEBUG:py4j.java_gateway:Command to send: m
d
o29
e

DEBUG:py4j.java_gateway:Answer received: !yv
DEBUG:py4j.java_gateway:Command to send: m
d
o30
e

DEBUG:py4j.java_gateway:Answer received: !yv
DEBUG:py4j.java_gateway:Command to send: m
d
o31
e

DEBUG:py4j.java_gateway:Answer received: !yv
DEBUG:py4j.java_gateway:Command to send: m
d
o32
e

DEBUG:py4j.java_gateway:Answer received: !yv
DEBUG:py4j.java_gateway:Command to send: m
d
o35
e

DEBUG:py4j.java_gateway:Answer received: !yv
DEBUG:py4j.java_gateway:Command to send: m
d
o36
e

DEBUG:py4j.java_gateway:Answer received: !yv
DEBUG:py4j.java_gateway:Command to send: m
d
o37
e

DEBUG:py4j.java_gateway:Answer received: !yv
DEBUG:py4j.java_gateway:Command to send: m
d
o38
e

DEBUG:py4j.java_gateway:Answer received: !yv
DEBUG:py4j.java_gateway:Command to send: m
d
o39
e

DEBUG:py4j.java_gateway:Answer received: !yv
DEBUG:py4j.java_gateway:Command to send: m
d
o40
e

DEBUG:py4j.java_gateway:Answer received: !yv
DEBUG:py4j.java_gateway:Command to send: m
d
o41
e

DEBUG:py4j.java_gateway:Answer received: !yv
DEBUG:py4j.java_gateway:Command to send: m
d
o42
e

DEBUG:py4j.java_gateway:Answer received: !yv
DEBUG:py4j.java_gateway:Command to send: m
d
o43
e

DEBUG:py4j.java_gateway:Answer received: !yv
DEBUG:py4j.java_gateway:Command to send: m
d
o44
e

DEBUG:py4j.java_gateway:Answer received: !yv
DEBUG:py4j.java_gateway:Command to send: m
d
o45
e

DEBUG:py4j.java_gateway:Answer received: !yv
DEBUG:py4j.java_gateway:Command to send: m
d
o46
e

DEBUG:py4j.java_gateway:Answer received: !yv
DEBUG:py4j.java_gateway:Command to send: m
d
o47
e

DEBUG:py4j.java_gateway:Answer received: !yv
DEBUG:py4j.java_gateway:Command to send: m
d
o48
e

DEBUG:py4j.java_gateway:Answer received: !yv
DEBUG:py4j.java_gateway:Command to send: m
d
o49
e

DEBUG:py4j.java_gateway:Answer received: !yv
DEBUG:py4j.java_gateway:Command to send: m
d
o50
e

DEBUG:py4j.java_gateway:Answer received: !yv
DEBUG:py4j.java_gateway:Command to send: m
d
o51
e

DEBUG:py4j.java_gateway:Answer received: !yv
DEBUG:py4j.java_gateway:Command to send: m
d
o52
e

DEBUG:py4j.java_gateway:Answer received: !yv
DEBUG:py4j.java_gateway:Command to send: m
d
o53
e

DEBUG:py4j.java_gateway:Answer received: !yv
DEBUG:py4j.java_gateway:Command to send: m
d
o55
e

DEBUG:py4j.java_gateway:Answer received: !yv
DEBUG:py4j.java_gateway:Command to send: m
d
o56
e

DEBUG:py4j.java_gateway:Answer received: !yv
DEBUG:py4j.java_gateway:Command to send: m
d
o57
e

DEBUG:py4j.java_gateway:Answer received: !yv
DEBUG:py4j.java_gateway:Command to send: m
d
o58
e

DEBUG:py4j.java_gateway:Answer received: !yv
DEBUG:py4j.java_gateway:Command to send: m
d
o22
e

DEBUG:py4j.java_gateway:Answer received: !yv
DEBUG:py4j.java_gateway:Command to send: m
d
o0
e

DEBUG:py4j.java_gateway:Answer received: !yv
DEBUG:py4j.java_gateway:Command to send: m
d
o59
e

DEBUG:py4j.java_gateway:Answer received: !yv
DEBUG:py4j.java_gateway:Command to send: c
o54
schema
e

DEBUG:py4j.java_gateway:Answer received: !yro60
DEBUG:py4j.java_gateway:Command to send: c
o60
json
e

DEBUG:py4j.java_gateway:Answer received: !ys{"type":"struct","fields":[{"name":"tweetid","type":"string","nullable":true,"metadata":{}},{"name":"fecha_origen","type":"string","nullable":true,"metadata":{}},{"name":"texto_tweet","type":"string","nullable":true,"metadata":{}},{"name":"cuenta_origen","type":"string","nullable":true,"metadata":{}},{"name":"num_followers","type":"string","nullable":true,"metadata":{}},{"name":"num_retweet","type":"string","nullable":true,"metadata":{}}]}
DEBUG:root:Eliminación de posibles duplicados.
DEBUG:root:Conversión fechas a formato datetime.
DEBUG:root:Termino descargue de datos desde base de datos postgress
DEBUG:root:Empezo inicialización modelo general de percepción de seguridad.
DEBUG:py4j.java_gateway:Command to send: m
d
o60
e

DEBUG:py4j.java_gateway:Answer received: !yv
DEBUG:urllib3.connectionpool:Starting new HTTP connection (1): 127.0.0.1:8000
DEBUG:urllib3.connectionpool:http://127.0.0.1:8000 "POST /analitica/api/auth/token/login HTTP/1.1" 200 57
DEBUG:urllib3.connectionpool:Starting new HTTP connection (1): 127.0.0.1:8000
DEBUG:urllib3.connectionpool:http://127.0.0.1:8000 "GET /analitica/api/v1/anptipoproceso/ HTTP/1.1" 200 241
DEBUG:root:Termino inicialización modelo general de percepción de seguridad.
DEBUG:root:Empezo proceso preparación de los datos.
DEBUG:root:Empezo clasificación base de datos.
DEBUG:root:Termino clasificación base de datos.
DEBUG:root:Empezo proceso de cuantificación base de datos.
DEBUG:root:Conversión tablas a diccionario como entrada modelo predicción tweets.
DEBUG:root:Termino proceso preparación de los datos.
DEBUG:root:Empezo proceso creación modelo de tweets.
DEBUG:root:Empezo inicialización modelo de Tweets.
DEBUG:root:Lista de tweets de entrenamiento creado.
DEBUG:root:Objeto modelo tweets creado.
DEBUG:root:El modelo debe ser entrenado primero.
DEBUG:root:Empezo entrenamiento modelo percepción de seguridad.
DEBUG:urllib3.connectionpool:Starting new HTTP connection (1): 127.0.0.1:8000
DEBUG:urllib3.connectionpool:http://127.0.0.1:8000 "POST /analitica/api/v1/anpejecucionproceso/ HTTP/1.1" 201 176
DEBUG:root:Actualización estado de proceso en el API realizada
DEBUG:root:Empezo proceso de entrenamiento modelo tweets.
DEBUG:root:Empezo operación calculo Beta.
DEBUG:root:Termino operación calculo Beta.
DEBUG:root:Empezo operación ajuste de intensidades.
DEBUG:root:Termino operación ajuste de intensidades.
DEBUG:root:Empezo calculo lamda en el periodo de entrenamiento.
DEBUG:root:Termino calculo lamda en el periodo de entrenamiento.
DEBUG:root:Termino proceso de entrenamiento modelo tweets.
DEBUG:root:Termino entrenamiento modelo percepción de seguridad.
DEBUG:urllib3.connectionpool:Starting new HTTP connection (1): 127.0.0.1:8000
DEBUG:urllib3.connectionpool:http://127.0.0.1:8000 "POST /analitica/api/v1/anpejecucionproceso/ HTTP/1.1" 201 176
DEBUG:root:Actualización estado de proceso en el API realizada
DEBUG:root:Empezo predicción modelo percepción de seguridad.
DEBUG:urllib3.connectionpool:Starting new HTTP connection (1): 127.0.0.1:8000
DEBUG:urllib3.connectionpool:http://127.0.0.1:8000 "POST /analitica/api/v1/anpejecucionproceso/ HTTP/1.1" 201 176
DEBUG:root:Actualización estado de proceso en el API realizada
DEBUG:root:Empezo calculo lamda en el periodo de predicción.
ERROR:root:No se completo operación en la funcion  date_to_hours
ERROR:root:No se completo operación en la funcion  compute_lambda_predict en la clase.
DEBUG:urllib3.connectionpool:Starting new HTTP connection (1): 127.0.0.1:8000
DEBUG:urllib3.connectionpool:http://127.0.0.1:8000 "POST /analitica/api/v1/anpejecucionproceso/ HTTP/1.1" 201 176
DEBUG:root:Actualización estado de proceso en el API realizada
ERROR:root:No se completo la predicción del modelo percepción de seguridad.
ERROR:root:No se completo función process
DEBUG:py4j.java_gateway:Command to send: m
d
o54
e

DEBUG:py4j.java_gateway:Answer received: !yv
DEBUG:root:Empezo función process.
DEBUG:root:Verificación archivos para crear modelos.
DEBUG:root:Modelo clasificación tweets existente cargado exitosamente.
DEBUG:root:Modelo cuantificación tweets existente cargado exitosamente.
DEBUG:root:Empezo descargue de datos desde base de datos postgress
DEBUG:py4j.java_gateway:Command to send: A
00d60058d56c17774ea4be3cfb82c3510c5c05717e369750666297f125c3454c

DEBUG:py4j.java_gateway:Answer received: !yv
DEBUG:py4j.java_gateway:Command to send: j
i
rj
org.apache.spark.SparkConf
e

DEBUG:py4j.java_gateway:Answer received: !yv
DEBUG:py4j.java_gateway:Command to send: j
i
rj
org.apache.spark.api.java.*
e

DEBUG:py4j.java_gateway:Answer received: !yv
DEBUG:py4j.java_gateway:Command to send: j
i
rj
org.apache.spark.api.python.*
e

DEBUG:py4j.java_gateway:Answer received: !yv
DEBUG:py4j.java_gateway:Command to send: j
i
rj
org.apache.spark.ml.python.*
e

DEBUG:py4j.java_gateway:Answer received: !yv
DEBUG:py4j.java_gateway:Command to send: j
i
rj
org.apache.spark.mllib.api.python.*
e

DEBUG:py4j.java_gateway:Answer received: !yv
DEBUG:py4j.java_gateway:Command to send: j
i
rj
org.apache.spark.resource.*
e

DEBUG:py4j.java_gateway:Answer received: !yv
DEBUG:py4j.java_gateway:Command to send: j
i
rj
org.apache.spark.sql.*
e

DEBUG:py4j.java_gateway:Answer received: !yv
DEBUG:py4j.java_gateway:Command to send: j
i
rj
org.apache.spark.sql.api.python.*
e

DEBUG:py4j.java_gateway:Answer received: !yv
DEBUG:py4j.java_gateway:Command to send: j
i
rj
org.apache.spark.sql.hive.*
e

DEBUG:py4j.java_gateway:Answer received: !yv
DEBUG:py4j.java_gateway:Command to send: j
i
rj
scala.Tuple2
e

DEBUG:py4j.java_gateway:Answer received: !yv
DEBUG:py4j.java_gateway:Command to send: r
u
SparkConf
rj
e

DEBUG:py4j.java_gateway:Answer received: !ycorg.apache.spark.SparkConf
DEBUG:py4j.java_gateway:Command to send: i
org.apache.spark.SparkConf
bTrue
e

DEBUG:py4j.java_gateway:Answer received: !yro0
DEBUG:py4j.java_gateway:Command to send: c
o0
set
sspark.app.name
sPython Spark SQL basic example
e

DEBUG:py4j.java_gateway:Answer received: !yro1
DEBUG:py4j.java_gateway:Command to send: m
d
o1
e

DEBUG:py4j.java_gateway:Answer received: !yv
DEBUG:py4j.java_gateway:Command to send: c
o0
set
sspark.jars
s/home/unal/postgresql-42.2.23.jar
e

DEBUG:py4j.java_gateway:Answer received: !yro2
DEBUG:py4j.java_gateway:Command to send: m
d
o2
e

DEBUG:py4j.java_gateway:Answer received: !yv
DEBUG:py4j.java_gateway:Command to send: c
o0
set
sspark.executor.memory
s70g
e

DEBUG:py4j.java_gateway:Answer received: !yro3
DEBUG:py4j.java_gateway:Command to send: m
d
o3
e

DEBUG:py4j.java_gateway:Answer received: !yv
DEBUG:py4j.java_gateway:Command to send: c
o0
set
sspark.driver.memory
s50g
e

DEBUG:py4j.java_gateway:Answer received: !yro4
DEBUG:py4j.java_gateway:Command to send: m
d
o4
e

DEBUG:py4j.java_gateway:Answer received: !yv
DEBUG:py4j.java_gateway:Command to send: c
o0
set
sspark.memory.offHeap.enabled
sTrue
e

DEBUG:py4j.java_gateway:Answer received: !yro5
DEBUG:py4j.java_gateway:Command to send: m
d
o5
e

DEBUG:py4j.java_gateway:Answer received: !yv
DEBUG:py4j.java_gateway:Command to send: c
o0
set
sspark.memory.offHeap.size
s16g
e

DEBUG:py4j.java_gateway:Answer received: !yro6
DEBUG:py4j.java_gateway:Command to send: m
d
o6
e

DEBUG:py4j.java_gateway:Answer received: !yv
DEBUG:py4j.java_gateway:Command to send: c
o0
contains
sspark.serializer.objectStreamReset
e

DEBUG:py4j.java_gateway:Answer received: !ybfalse
DEBUG:py4j.java_gateway:Command to send: c
o0
set
sspark.serializer.objectStreamReset
s100
e

DEBUG:py4j.java_gateway:Answer received: !yro7
DEBUG:py4j.java_gateway:Command to send: m
d
o7
e

DEBUG:py4j.java_gateway:Answer received: !yv
DEBUG:py4j.java_gateway:Command to send: c
o0
contains
sspark.rdd.compress
e

DEBUG:py4j.java_gateway:Answer received: !ybfalse
DEBUG:py4j.java_gateway:Command to send: c
o0
set
sspark.rdd.compress
sTrue
e

DEBUG:py4j.java_gateway:Answer received: !yro8
DEBUG:py4j.java_gateway:Command to send: m
d
o8
e

DEBUG:py4j.java_gateway:Answer received: !yv
DEBUG:py4j.java_gateway:Command to send: c
o0
contains
sspark.master
e

DEBUG:py4j.java_gateway:Answer received: !ybtrue
DEBUG:py4j.java_gateway:Command to send: c
o0
contains
sspark.app.name
e

DEBUG:py4j.java_gateway:Answer received: !ybtrue
DEBUG:py4j.java_gateway:Command to send: c
o0
contains
sspark.master
e

DEBUG:py4j.java_gateway:Answer received: !ybtrue
DEBUG:py4j.java_gateway:Command to send: c
o0
get
sspark.master
e

DEBUG:py4j.java_gateway:Answer received: !yslocal[*]
DEBUG:py4j.java_gateway:Command to send: c
o0
contains
sspark.app.name
e

DEBUG:py4j.java_gateway:Answer received: !ybtrue
DEBUG:py4j.java_gateway:Command to send: c
o0
get
sspark.app.name
e

DEBUG:py4j.java_gateway:Answer received: !ysPython Spark SQL basic example
DEBUG:py4j.java_gateway:Command to send: c
o0
contains
sspark.home
e

DEBUG:py4j.java_gateway:Answer received: !ybfalse
DEBUG:py4j.java_gateway:Command to send: c
o0
getAll
e

DEBUG:py4j.java_gateway:Answer received: !yto9
DEBUG:py4j.java_gateway:Command to send: a
e
o9
e

DEBUG:py4j.java_gateway:Answer received: !yi13
DEBUG:py4j.java_gateway:Command to send: a
g
o9
i0
e

DEBUG:py4j.java_gateway:Answer received: !yro10
DEBUG:py4j.java_gateway:Command to send: c
o10
_1
e

DEBUG:py4j.java_gateway:Answer received: !ysspark.driver.memory
DEBUG:py4j.java_gateway:Command to send: c
o10
_2
e

DEBUG:py4j.java_gateway:Answer received: !ys50g
DEBUG:py4j.java_gateway:Command to send: a
e
o9
e

DEBUG:py4j.java_gateway:Answer received: !yi13
DEBUG:py4j.java_gateway:Command to send: a
g
o9
i1
e

DEBUG:py4j.java_gateway:Answer received: !yro11
DEBUG:py4j.java_gateway:Command to send: c
o11
_1
e

DEBUG:py4j.java_gateway:Answer received: !ysspark.repl.local.jars
DEBUG:py4j.java_gateway:Command to send: c
o11
_2
e

DEBUG:py4j.java_gateway:Answer received: !ysfile:///home/unal/postgresql-42.2.23.jar
DEBUG:py4j.java_gateway:Command to send: a
e
o9
e

DEBUG:py4j.java_gateway:Answer received: !yi13
DEBUG:py4j.java_gateway:Command to send: a
g
o9
i2
e

DEBUG:py4j.java_gateway:Answer received: !yro12
DEBUG:py4j.java_gateway:Command to send: c
o12
_1
e

DEBUG:py4j.java_gateway:Answer received: !ysspark.rdd.compress
DEBUG:py4j.java_gateway:Command to send: c
o12
_2
e

DEBUG:py4j.java_gateway:Answer received: !ysTrue
DEBUG:py4j.java_gateway:Command to send: a
e
o9
e

DEBUG:py4j.java_gateway:Answer received: !yi13
DEBUG:py4j.java_gateway:Command to send: a
g
o9
i3
e

DEBUG:py4j.java_gateway:Answer received: !yro13
DEBUG:py4j.java_gateway:Command to send: c
o13
_1
e

DEBUG:py4j.java_gateway:Answer received: !ysspark.jars
DEBUG:py4j.java_gateway:Command to send: c
o13
_2
e

DEBUG:py4j.java_gateway:Answer received: !ys/home/unal/postgresql-42.2.23.jar
DEBUG:py4j.java_gateway:Command to send: a
e
o9
e

DEBUG:py4j.java_gateway:Answer received: !yi13
DEBUG:py4j.java_gateway:Command to send: a
g
o9
i4
e

DEBUG:py4j.java_gateway:Answer received: !yro14
DEBUG:py4j.java_gateway:Command to send: c
o14
_1
e

DEBUG:py4j.java_gateway:Answer received: !ysspark.serializer.objectStreamReset
DEBUG:py4j.java_gateway:Command to send: c
o14
_2
e

DEBUG:py4j.java_gateway:Answer received: !ys100
DEBUG:py4j.java_gateway:Command to send: a
e
o9
e

DEBUG:py4j.java_gateway:Answer received: !yi13
DEBUG:py4j.java_gateway:Command to send: a
g
o9
i5
e

DEBUG:py4j.java_gateway:Answer received: !yro15
DEBUG:py4j.java_gateway:Command to send: c
o15
_1
e

DEBUG:py4j.java_gateway:Answer received: !ysspark.master
DEBUG:py4j.java_gateway:Command to send: c
o15
_2
e

DEBUG:py4j.java_gateway:Answer received: !yslocal[*]
DEBUG:py4j.java_gateway:Command to send: a
e
o9
e

DEBUG:py4j.java_gateway:Answer received: !yi13
DEBUG:py4j.java_gateway:Command to send: a
g
o9
i6
e

DEBUG:py4j.java_gateway:Answer received: !yro16
DEBUG:py4j.java_gateway:Command to send: c
o16
_1
e

DEBUG:py4j.java_gateway:Answer received: !ysspark.submit.pyFiles
DEBUG:py4j.java_gateway:Command to send: c
o16
_2
e

DEBUG:py4j.java_gateway:Answer received: !ys
DEBUG:py4j.java_gateway:Command to send: a
e
o9
e

DEBUG:py4j.java_gateway:Answer received: !yi13
DEBUG:py4j.java_gateway:Command to send: a
g
o9
i7
e

DEBUG:py4j.java_gateway:Answer received: !yro17
DEBUG:py4j.java_gateway:Command to send: c
o17
_1
e

DEBUG:py4j.java_gateway:Answer received: !ysspark.executor.memory
DEBUG:py4j.java_gateway:Command to send: c
o17
_2
e

DEBUG:py4j.java_gateway:Answer received: !ys70g
DEBUG:py4j.java_gateway:Command to send: a
e
o9
e

DEBUG:py4j.java_gateway:Answer received: !yi13
DEBUG:py4j.java_gateway:Command to send: a
g
o9
i8
e

DEBUG:py4j.java_gateway:Answer received: !yro18
DEBUG:py4j.java_gateway:Command to send: c
o18
_1
e

DEBUG:py4j.java_gateway:Answer received: !ysspark.app.name
DEBUG:py4j.java_gateway:Command to send: c
o18
_2
e

DEBUG:py4j.java_gateway:Answer received: !ysPython Spark SQL basic example
DEBUG:py4j.java_gateway:Command to send: a
e
o9
e

DEBUG:py4j.java_gateway:Answer received: !yi13
DEBUG:py4j.java_gateway:Command to send: a
g
o9
i9
e

DEBUG:py4j.java_gateway:Answer received: !yro19
DEBUG:py4j.java_gateway:Command to send: c
o19
_1
e

DEBUG:py4j.java_gateway:Answer received: !ysspark.submit.deployMode
DEBUG:py4j.java_gateway:Command to send: c
o19
_2
e

DEBUG:py4j.java_gateway:Answer received: !ysclient
DEBUG:py4j.java_gateway:Command to send: a
e
o9
e

DEBUG:py4j.java_gateway:Answer received: !yi13
DEBUG:py4j.java_gateway:Command to send: a
g
o9
i10
e

DEBUG:py4j.java_gateway:Answer received: !yro20
DEBUG:py4j.java_gateway:Command to send: c
o20
_1
e

DEBUG:py4j.java_gateway:Answer received: !ysspark.memory.offHeap.enabled
DEBUG:py4j.java_gateway:Command to send: c
o20
_2
e

DEBUG:py4j.java_gateway:Answer received: !ysTrue
DEBUG:py4j.java_gateway:Command to send: a
e
o9
e

DEBUG:py4j.java_gateway:Answer received: !yi13
DEBUG:py4j.java_gateway:Command to send: a
g
o9
i11
e

DEBUG:py4j.java_gateway:Answer received: !yro21
DEBUG:py4j.java_gateway:Command to send: c
o21
_1
e

DEBUG:py4j.java_gateway:Answer received: !ysspark.ui.showConsoleProgress
DEBUG:py4j.java_gateway:Command to send: c
o21
_2
e

DEBUG:py4j.java_gateway:Answer received: !ystrue
DEBUG:py4j.java_gateway:Command to send: a
e
o9
e

DEBUG:py4j.java_gateway:Answer received: !yi13
DEBUG:py4j.java_gateway:Command to send: a
g
o9
i12
e

DEBUG:py4j.java_gateway:Answer received: !yro22
DEBUG:py4j.java_gateway:Command to send: c
o22
_1
e

DEBUG:py4j.java_gateway:Answer received: !ysspark.memory.offHeap.size
DEBUG:py4j.java_gateway:Command to send: A
00d60058d56c17774ea4be3cfb82c3510c5c05717e369750666297f125c3454c

DEBUG:py4j.java_gateway:Answer received: !yv
DEBUG:py4j.java_gateway:Command to send: m
d
o10
e

DEBUG:py4j.java_gateway:Answer received: !yv
DEBUG:py4j.java_gateway:Command to send: m
d
o11
e

DEBUG:py4j.java_gateway:Answer received: !yv
DEBUG:py4j.java_gateway:Command to send: m
d
o12
e

DEBUG:py4j.java_gateway:Answer received: !yv
DEBUG:py4j.java_gateway:Command to send: m
d
o13
e

DEBUG:py4j.java_gateway:Answer received: !yv
DEBUG:py4j.java_gateway:Command to send: m
d
o14
e

DEBUG:py4j.java_gateway:Answer received: !yv
DEBUG:py4j.java_gateway:Command to send: m
d
o15
e

DEBUG:py4j.java_gateway:Answer received: !yv
DEBUG:py4j.java_gateway:Command to send: m
d
o16
e

DEBUG:py4j.java_gateway:Answer received: !yv
DEBUG:py4j.java_gateway:Command to send: m
d
o17
e

DEBUG:py4j.java_gateway:Answer received: !yv
DEBUG:py4j.java_gateway:Command to send: m
d
o18
e

DEBUG:py4j.java_gateway:Answer received: !yv
DEBUG:py4j.java_gateway:Command to send: m
d
o19
e

DEBUG:py4j.java_gateway:Answer received: !yv
DEBUG:py4j.java_gateway:Command to send: m
d
o20
e

DEBUG:py4j.java_gateway:Answer received: !yv
DEBUG:py4j.java_gateway:Command to send: m
d
o21
e

DEBUG:py4j.java_gateway:Answer received: !yv
DEBUG:py4j.java_gateway:Command to send: c
o22
_2
e

DEBUG:py4j.java_gateway:Answer received: !ys16g
DEBUG:py4j.java_gateway:Command to send: a
e
o9
e

DEBUG:py4j.java_gateway:Answer received: !yi13
DEBUG:py4j.java_gateway:Command to send: m
d
o9
e

DEBUG:py4j.java_gateway:Answer received: !yv
DEBUG:py4j.java_gateway:Command to send: r
u
JavaSparkContext
rj
e

DEBUG:py4j.java_gateway:Answer received: !ycorg.apache.spark.api.java.JavaSparkContext
DEBUG:py4j.java_gateway:Command to send: i
org.apache.spark.api.java.JavaSparkContext
ro0
e

DEBUG:py4j.java_gateway:Answer received: !yro23
DEBUG:py4j.java_gateway:Command to send: c
o23
sc
e

DEBUG:py4j.java_gateway:Answer received: !yro24
DEBUG:py4j.java_gateway:Command to send: c
o24
conf
e

DEBUG:py4j.java_gateway:Answer received: !yro25
DEBUG:py4j.java_gateway:Command to send: r
u
PythonAccumulatorV2
rj
e

DEBUG:py4j.java_gateway:Answer received: !ycorg.apache.spark.api.python.PythonAccumulatorV2
DEBUG:py4j.java_gateway:Command to send: i
org.apache.spark.api.python.PythonAccumulatorV2
s127.0.0.1
i46937
s00d60058d56c17774ea4be3cfb82c3510c5c05717e369750666297f125c3454c
e

DEBUG:py4j.java_gateway:Answer received: !yro26
DEBUG:py4j.java_gateway:Command to send: c
o23
sc
e

DEBUG:py4j.java_gateway:Answer received: !yro27
DEBUG:py4j.java_gateway:Command to send: c
o27
register
ro26
e

DEBUG:py4j.java_gateway:Answer received: !yv
DEBUG:py4j.java_gateway:Command to send: r
u
PythonUtils
rj
e

DEBUG:py4j.java_gateway:Answer received: !ycorg.apache.spark.api.python.PythonUtils
DEBUG:py4j.java_gateway:Command to send: r
m
org.apache.spark.api.python.PythonUtils
isEncryptionEnabled
e

DEBUG:py4j.java_gateway:Answer received: !ym
DEBUG:py4j.java_gateway:Command to send: c
z:org.apache.spark.api.python.PythonUtils
isEncryptionEnabled
ro23
e

DEBUG:py4j.java_gateway:Answer received: !ybfalse
DEBUG:py4j.java_gateway:Command to send: r
u
PythonUtils
rj
e

DEBUG:py4j.java_gateway:Answer received: !ycorg.apache.spark.api.python.PythonUtils
DEBUG:py4j.java_gateway:Command to send: r
m
org.apache.spark.api.python.PythonUtils
getPythonAuthSocketTimeout
e

DEBUG:py4j.java_gateway:Answer received: !ym
DEBUG:py4j.java_gateway:Command to send: c
z:org.apache.spark.api.python.PythonUtils
getPythonAuthSocketTimeout
ro23
e

DEBUG:py4j.java_gateway:Answer received: !yL15
DEBUG:py4j.java_gateway:Command to send: r
u
PythonUtils
rj
e

DEBUG:py4j.java_gateway:Answer received: !ycorg.apache.spark.api.python.PythonUtils
DEBUG:py4j.java_gateway:Command to send: r
m
org.apache.spark.api.python.PythonUtils
getSparkBufferSize
e

DEBUG:py4j.java_gateway:Answer received: !ym
DEBUG:py4j.java_gateway:Command to send: c
z:org.apache.spark.api.python.PythonUtils
getSparkBufferSize
ro23
e

DEBUG:py4j.java_gateway:Answer received: !yi65536
DEBUG:py4j.java_gateway:Command to send: r
u
org
rj
e

DEBUG:py4j.java_gateway:Answer received: !yp
DEBUG:py4j.java_gateway:Command to send: r
u
org.apache
rj
e

DEBUG:py4j.java_gateway:Answer received: !yp
DEBUG:py4j.java_gateway:Command to send: r
u
org.apache.spark
rj
e

DEBUG:py4j.java_gateway:Answer received: !yp
DEBUG:py4j.java_gateway:Command to send: r
u
org.apache.spark.SparkFiles
rj
e

DEBUG:py4j.java_gateway:Answer received: !ycorg.apache.spark.SparkFiles
DEBUG:py4j.java_gateway:Command to send: r
m
org.apache.spark.SparkFiles
getRootDirectory
e

DEBUG:py4j.java_gateway:Answer received: !ym
DEBUG:py4j.java_gateway:Command to send: c
z:org.apache.spark.SparkFiles
getRootDirectory
e

DEBUG:py4j.java_gateway:Answer received: !ys/tmp/spark-93d8f584-0b1e-499b-88ee-a60a59212049/userFiles-5ac15eeb-d346-47d9-ac6f-d3203310be82
DEBUG:py4j.java_gateway:Command to send: c
o25
get
sspark.submit.pyFiles
s
e

DEBUG:py4j.java_gateway:Answer received: !ys
DEBUG:py4j.java_gateway:Command to send: r
u
org
rj
e

DEBUG:py4j.java_gateway:Answer received: !yp
DEBUG:py4j.java_gateway:Command to send: r
u
org.apache
rj
e

DEBUG:py4j.java_gateway:Answer received: !yp
DEBUG:py4j.java_gateway:Command to send: r
u
org.apache.spark
rj
e

DEBUG:py4j.java_gateway:Answer received: !yp
DEBUG:py4j.java_gateway:Command to send: r
u
org.apache.spark.util
rj
e

DEBUG:py4j.java_gateway:Answer received: !yp
DEBUG:py4j.java_gateway:Command to send: r
u
org.apache.spark.util.Utils
rj
e

DEBUG:py4j.java_gateway:Answer received: !ycorg.apache.spark.util.Utils
DEBUG:py4j.java_gateway:Command to send: r
m
org.apache.spark.util.Utils
getLocalDir
e

DEBUG:py4j.java_gateway:Answer received: !ym
DEBUG:py4j.java_gateway:Command to send: c
o23
sc
e

DEBUG:py4j.java_gateway:Answer received: !yro28
DEBUG:py4j.java_gateway:Command to send: c
o28
conf
e

DEBUG:py4j.java_gateway:Answer received: !yro29
DEBUG:py4j.java_gateway:Command to send: c
z:org.apache.spark.util.Utils
getLocalDir
ro29
e

DEBUG:py4j.java_gateway:Answer received: !ys/tmp/spark-93d8f584-0b1e-499b-88ee-a60a59212049
DEBUG:py4j.java_gateway:Command to send: r
u
org
rj
e

DEBUG:py4j.java_gateway:Answer received: !yp
DEBUG:py4j.java_gateway:Command to send: r
u
org.apache
rj
e

DEBUG:py4j.java_gateway:Answer received: !yp
DEBUG:py4j.java_gateway:Command to send: r
u
org.apache.spark
rj
e

DEBUG:py4j.java_gateway:Answer received: !yp
DEBUG:py4j.java_gateway:Command to send: r
u
org.apache.spark.util
rj
e

DEBUG:py4j.java_gateway:Answer received: !yp
DEBUG:py4j.java_gateway:Command to send: r
u
org.apache.spark.util.Utils
rj
e

DEBUG:py4j.java_gateway:Answer received: !ycorg.apache.spark.util.Utils
DEBUG:py4j.java_gateway:Command to send: r
m
org.apache.spark.util.Utils
createTempDir
e

DEBUG:py4j.java_gateway:Answer received: !ym
DEBUG:py4j.java_gateway:Command to send: c
z:org.apache.spark.util.Utils
createTempDir
s/tmp/spark-93d8f584-0b1e-499b-88ee-a60a59212049
spyspark
e

DEBUG:py4j.java_gateway:Answer received: !yro30
DEBUG:py4j.java_gateway:Command to send: c
o30
getAbsolutePath
e

DEBUG:py4j.java_gateway:Answer received: !ys/tmp/spark-93d8f584-0b1e-499b-88ee-a60a59212049/pyspark-a25b58dd-7219-41d5-9a28-e417a4f5b931
DEBUG:py4j.java_gateway:Command to send: c
o25
get
sspark.python.profile
sfalse
e

DEBUG:py4j.java_gateway:Answer received: !ysfalse
DEBUG:py4j.java_gateway:Command to send: r
u
SparkSession
rj
e

DEBUG:py4j.java_gateway:Answer received: !ycorg.apache.spark.sql.SparkSession
DEBUG:py4j.java_gateway:Command to send: r
m
org.apache.spark.sql.SparkSession
getDefaultSession
e

DEBUG:py4j.java_gateway:Answer received: !ym
DEBUG:py4j.java_gateway:Command to send: c
z:org.apache.spark.sql.SparkSession
getDefaultSession
e

DEBUG:py4j.java_gateway:Answer received: !yro31
DEBUG:py4j.java_gateway:Command to send: c
o31
isDefined
e

DEBUG:py4j.java_gateway:Answer received: !ybfalse
DEBUG:py4j.java_gateway:Command to send: r
u
SparkSession
rj
e

DEBUG:py4j.java_gateway:Answer received: !ycorg.apache.spark.sql.SparkSession
DEBUG:py4j.java_gateway:Command to send: c
o23
sc
e

DEBUG:py4j.java_gateway:Answer received: !yro32
DEBUG:py4j.java_gateway:Command to send: i
org.apache.spark.sql.SparkSession
ro32
e

DEBUG:py4j.java_gateway:Answer received: !yro33
DEBUG:py4j.java_gateway:Command to send: c
o33
sqlContext
e

DEBUG:py4j.java_gateway:Answer received: !yro34
DEBUG:py4j.java_gateway:Command to send: r
u
SparkSession
rj
e

DEBUG:py4j.java_gateway:Answer received: !ycorg.apache.spark.sql.SparkSession
DEBUG:py4j.java_gateway:Command to send: r
m
org.apache.spark.sql.SparkSession
setDefaultSession
e

DEBUG:py4j.java_gateway:Answer received: !ym
DEBUG:py4j.java_gateway:Command to send: c
z:org.apache.spark.sql.SparkSession
setDefaultSession
ro33
e

DEBUG:py4j.java_gateway:Answer received: !yv
DEBUG:py4j.java_gateway:Command to send: r
u
SparkSession
rj
e

DEBUG:py4j.java_gateway:Answer received: !ycorg.apache.spark.sql.SparkSession
DEBUG:py4j.java_gateway:Command to send: r
m
org.apache.spark.sql.SparkSession
setActiveSession
e

DEBUG:py4j.java_gateway:Answer received: !ym
DEBUG:py4j.java_gateway:Command to send: c
z:org.apache.spark.sql.SparkSession
setActiveSession
ro33
e

DEBUG:py4j.java_gateway:Answer received: !yv
DEBUG:py4j.java_gateway:Command to send: c
o33
sessionState
e

DEBUG:py4j.java_gateway:Answer received: !yro35
DEBUG:py4j.java_gateway:Command to send: c
o35
conf
e

DEBUG:py4j.java_gateway:Answer received: !yro36
DEBUG:py4j.java_gateway:Command to send: c
o36
setConfString
sspark.app.name
sPython Spark SQL basic example
e

DEBUG:py4j.java_gateway:Answer received: !yv
DEBUG:py4j.java_gateway:Command to send: c
o33
sessionState
e

DEBUG:py4j.java_gateway:Answer received: !yro37
DEBUG:py4j.java_gateway:Command to send: c
o37
conf
e

DEBUG:py4j.java_gateway:Answer received: !yro38
DEBUG:py4j.java_gateway:Command to send: c
o38
setConfString
sspark.jars
s/home/unal/postgresql-42.2.23.jar
e

DEBUG:py4j.java_gateway:Answer received: !yv
DEBUG:py4j.java_gateway:Command to send: c
o33
sessionState
e

DEBUG:py4j.java_gateway:Answer received: !yro39
DEBUG:py4j.java_gateway:Command to send: c
o39
conf
e

DEBUG:py4j.java_gateway:Answer received: !yro40
DEBUG:py4j.java_gateway:Command to send: c
o40
setConfString
sspark.executor.memory
s70g
e

DEBUG:py4j.java_gateway:Answer received: !yv
DEBUG:py4j.java_gateway:Command to send: c
o33
sessionState
e

DEBUG:py4j.java_gateway:Answer received: !yro41
DEBUG:py4j.java_gateway:Command to send: c
o41
conf
e

DEBUG:py4j.java_gateway:Answer received: !yro42
DEBUG:py4j.java_gateway:Command to send: c
o42
setConfString
sspark.driver.memory
s50g
e

DEBUG:py4j.java_gateway:Answer received: !yv
DEBUG:py4j.java_gateway:Command to send: c
o33
sessionState
e

DEBUG:py4j.java_gateway:Answer received: !yro43
DEBUG:py4j.java_gateway:Command to send: c
o43
conf
e

DEBUG:py4j.java_gateway:Answer received: !yro44
DEBUG:py4j.java_gateway:Command to send: c
o44
setConfString
sspark.memory.offHeap.enabled
sTrue
e

DEBUG:py4j.java_gateway:Answer received: !yv
DEBUG:py4j.java_gateway:Command to send: c
o33
sessionState
e

DEBUG:py4j.java_gateway:Answer received: !yro45
DEBUG:py4j.java_gateway:Command to send: c
o45
conf
e

DEBUG:py4j.java_gateway:Answer received: !yro46
DEBUG:py4j.java_gateway:Command to send: c
o46
setConfString
sspark.memory.offHeap.size
s16g
e

DEBUG:py4j.java_gateway:Answer received: !yv
DEBUG:py4j.java_gateway:Command to send: c
o23
setLogLevel
sFATAL
e

DEBUG:py4j.java_gateway:Answer received: !yv
DEBUG:py4j.java_gateway:Command to send: c
o34
read
e

DEBUG:py4j.java_gateway:Answer received: !yro47
DEBUG:py4j.java_gateway:Command to send: c
o47
format
sjdbc
e

DEBUG:py4j.java_gateway:Answer received: !yro48
DEBUG:py4j.java_gateway:Command to send: c
o48
option
surl
sjdbc:postgresql://localhost:5432/analiticades
e

DEBUG:py4j.java_gateway:Answer received: !yro49
DEBUG:py4j.java_gateway:Command to send: c
o49
option
sdbtable
sdata_percepcion1
e

DEBUG:py4j.java_gateway:Answer received: !yro50
DEBUG:py4j.java_gateway:Command to send: c
o50
option
suser
sunal
e

DEBUG:py4j.java_gateway:Answer received: !yro51
DEBUG:py4j.java_gateway:Command to send: c
o51
option
spassword
sUnal123
e

DEBUG:py4j.java_gateway:Answer received: !yro52
DEBUG:py4j.java_gateway:Command to send: c
o52
option
sdriver
sorg.postgresql.Driver
e

DEBUG:py4j.java_gateway:Answer received: !yro53
DEBUG:py4j.java_gateway:Command to send: c
o53
load
e

DEBUG:py4j.java_gateway:Answer received: !yro54
DEBUG:py4j.java_gateway:Command to send: c
o33
sessionState
e

DEBUG:py4j.java_gateway:Answer received: !yro55
DEBUG:py4j.java_gateway:Command to send: c
o55
conf
e

DEBUG:py4j.java_gateway:Answer received: !yro56
DEBUG:py4j.java_gateway:Command to send: c
o56
sessionLocalTimeZone
e

DEBUG:py4j.java_gateway:Answer received: !ysAmerica/Bogota
DEBUG:py4j.java_gateway:Command to send: c
o33
sessionState
e

DEBUG:py4j.java_gateway:Answer received: !yro57
DEBUG:py4j.java_gateway:Command to send: c
o57
conf
e

DEBUG:py4j.java_gateway:Answer received: !yro58
DEBUG:py4j.java_gateway:Command to send: c
o58
arrowPySparkEnabled
e

DEBUG:py4j.java_gateway:Answer received: !ybfalse
DEBUG:py4j.java_gateway:Command to send: c
o23
setCallSite
stoPandas at /home/unal/percepcion/security_project/utilis.py:68
e

DEBUG:py4j.java_gateway:Answer received: !yv
DEBUG:py4j.java_gateway:Command to send: c
o54
collectToPython
e

DEBUG:py4j.java_gateway:Answer received: !yto59
DEBUG:py4j.java_gateway:Command to send: c
o23
setCallSite
n
e

DEBUG:py4j.java_gateway:Answer received: !yv
DEBUG:py4j.java_gateway:Command to send: a
e
o59
e

DEBUG:py4j.java_gateway:Answer received: !yi3
DEBUG:py4j.java_gateway:Command to send: a
g
o59
i0
e

DEBUG:py4j.java_gateway:Answer received: !yi35111
DEBUG:py4j.java_gateway:Command to send: a
e
o59
e

DEBUG:py4j.java_gateway:Answer received: !yi3
DEBUG:py4j.java_gateway:Command to send: a
g
o59
i1
e

DEBUG:py4j.java_gateway:Answer received: !ys6c807e2593c67fef6637fc83fe4dc59e51322ab4ee11b4df021d2f86b438091b
DEBUG:py4j.java_gateway:Command to send: m
d
o24
e

DEBUG:py4j.java_gateway:Answer received: !yv
DEBUG:py4j.java_gateway:Command to send: m
d
o27
e

DEBUG:py4j.java_gateway:Answer received: !yv
DEBUG:py4j.java_gateway:Command to send: m
d
o28
e

DEBUG:py4j.java_gateway:Answer received: !yv
DEBUG:py4j.java_gateway:Command to send: m
d
o29
e

DEBUG:py4j.java_gateway:Answer received: !yv
DEBUG:py4j.java_gateway:Command to send: m
d
o30
e

DEBUG:py4j.java_gateway:Answer received: !yv
DEBUG:py4j.java_gateway:Command to send: m
d
o31
e

DEBUG:py4j.java_gateway:Answer received: !yv
DEBUG:py4j.java_gateway:Command to send: m
d
o32
e

DEBUG:py4j.java_gateway:Answer received: !yv
DEBUG:py4j.java_gateway:Command to send: m
d
o35
e

DEBUG:py4j.java_gateway:Answer received: !yv
DEBUG:py4j.java_gateway:Command to send: m
d
o36
e

DEBUG:py4j.java_gateway:Answer received: !yv
DEBUG:py4j.java_gateway:Command to send: m
d
o37
e

DEBUG:py4j.java_gateway:Answer received: !yv
DEBUG:py4j.java_gateway:Command to send: m
d
o38
e

DEBUG:py4j.java_gateway:Answer received: !yv
DEBUG:py4j.java_gateway:Command to send: m
d
o39
e

DEBUG:py4j.java_gateway:Answer received: !yv
DEBUG:py4j.java_gateway:Command to send: m
d
o40
e

DEBUG:py4j.java_gateway:Answer received: !yv
DEBUG:py4j.java_gateway:Command to send: m
d
o41
e

DEBUG:py4j.java_gateway:Answer received: !yv
DEBUG:py4j.java_gateway:Command to send: m
d
o42
e

DEBUG:py4j.java_gateway:Answer received: !yv
DEBUG:py4j.java_gateway:Command to send: m
d
o43
e

DEBUG:py4j.java_gateway:Answer received: !yv
DEBUG:py4j.java_gateway:Command to send: m
d
o44
e

DEBUG:py4j.java_gateway:Answer received: !yv
DEBUG:py4j.java_gateway:Command to send: m
d
o45
e

DEBUG:py4j.java_gateway:Answer received: !yv
DEBUG:py4j.java_gateway:Command to send: m
d
o46
e

DEBUG:py4j.java_gateway:Answer received: !yv
DEBUG:py4j.java_gateway:Command to send: m
d
o47
e

DEBUG:py4j.java_gateway:Answer received: !yv
DEBUG:py4j.java_gateway:Command to send: m
d
o48
e

DEBUG:py4j.java_gateway:Answer received: !yv
DEBUG:py4j.java_gateway:Command to send: m
d
o49
e

DEBUG:py4j.java_gateway:Answer received: !yv
DEBUG:py4j.java_gateway:Command to send: m
d
o50
e

DEBUG:py4j.java_gateway:Answer received: !yv
DEBUG:py4j.java_gateway:Command to send: m
d
o51
e

DEBUG:py4j.java_gateway:Answer received: !yv
DEBUG:py4j.java_gateway:Command to send: m
d
o52
e

DEBUG:py4j.java_gateway:Answer received: !yv
DEBUG:py4j.java_gateway:Command to send: m
d
o53
e

DEBUG:py4j.java_gateway:Answer received: !yv
DEBUG:py4j.java_gateway:Command to send: m
d
o55
e

DEBUG:py4j.java_gateway:Answer received: !yv
DEBUG:py4j.java_gateway:Command to send: m
d
o56
e

DEBUG:py4j.java_gateway:Answer received: !yv
DEBUG:py4j.java_gateway:Command to send: m
d
o57
e

DEBUG:py4j.java_gateway:Answer received: !yv
DEBUG:py4j.java_gateway:Command to send: m
d
o58
e

DEBUG:py4j.java_gateway:Answer received: !yv
DEBUG:py4j.java_gateway:Command to send: m
d
o22
e

DEBUG:py4j.java_gateway:Answer received: !yv
DEBUG:py4j.java_gateway:Command to send: m
d
o0
e

DEBUG:py4j.java_gateway:Answer received: !yv
DEBUG:py4j.java_gateway:Command to send: m
d
o59
e

DEBUG:py4j.java_gateway:Answer received: !yv
DEBUG:py4j.java_gateway:Command to send: c
o54
schema
e

DEBUG:py4j.java_gateway:Answer received: !yro60
DEBUG:py4j.java_gateway:Command to send: c
o60
json
e

DEBUG:py4j.java_gateway:Answer received: !ys{"type":"struct","fields":[{"name":"tweetid","type":"string","nullable":true,"metadata":{}},{"name":"fecha_origen","type":"string","nullable":true,"metadata":{}},{"name":"texto_tweet","type":"string","nullable":true,"metadata":{}},{"name":"cuenta_origen","type":"string","nullable":true,"metadata":{}},{"name":"num_followers","type":"string","nullable":true,"metadata":{}},{"name":"num_retweet","type":"string","nullable":true,"metadata":{}}]}
DEBUG:root:Eliminación de posibles duplicados.
DEBUG:root:Conversión fechas a formato datetime.
DEBUG:root:Termino descargue de datos desde base de datos postgress
DEBUG:root:Empezo inicialización modelo general de percepción de seguridad.
DEBUG:py4j.java_gateway:Command to send: m
d
o60
e

DEBUG:py4j.java_gateway:Answer received: !yv
DEBUG:urllib3.connectionpool:Starting new HTTP connection (1): 127.0.0.1:8000
DEBUG:urllib3.connectionpool:http://127.0.0.1:8000 "POST /analitica/api/auth/token/login HTTP/1.1" 200 57
DEBUG:urllib3.connectionpool:Starting new HTTP connection (1): 127.0.0.1:8000
DEBUG:urllib3.connectionpool:http://127.0.0.1:8000 "GET /analitica/api/v1/anptipoproceso/ HTTP/1.1" 200 241
DEBUG:root:Termino inicialización modelo general de percepción de seguridad.
DEBUG:root:Empezo proceso preparación de los datos.
DEBUG:root:Empezo clasificación base de datos.
DEBUG:root:Termino clasificación base de datos.
DEBUG:root:Empezo proceso de cuantificación base de datos.
DEBUG:root:Conversión tablas a diccionario como entrada modelo predicción tweets.
DEBUG:root:Termino proceso preparación de los datos.
DEBUG:root:Empezo proceso creación modelo de tweets.
DEBUG:root:Empezo inicialización modelo de Tweets.
DEBUG:root:Lista de tweets de entrenamiento creado.
DEBUG:root:Objeto modelo tweets creado.
DEBUG:root:El modelo debe ser entrenado primero.
DEBUG:root:Empezo entrenamiento modelo percepción de seguridad.
DEBUG:urllib3.connectionpool:Starting new HTTP connection (1): 127.0.0.1:8000
DEBUG:urllib3.connectionpool:http://127.0.0.1:8000 "POST /analitica/api/v1/anpejecucionproceso/ HTTP/1.1" 201 176
DEBUG:root:Actualización estado de proceso en el API realizada
DEBUG:root:Empezo proceso de entrenamiento modelo tweets.
DEBUG:root:Empezo operación calculo Beta.
DEBUG:root:Termino operación calculo Beta.
DEBUG:root:Empezo operación ajuste de intensidades.
DEBUG:root:Termino operación ajuste de intensidades.
DEBUG:root:Empezo calculo lamda en el periodo de entrenamiento.
DEBUG:root:Termino calculo lamda en el periodo de entrenamiento.
DEBUG:root:Termino proceso de entrenamiento modelo tweets.
DEBUG:root:Termino entrenamiento modelo percepción de seguridad.
DEBUG:urllib3.connectionpool:Starting new HTTP connection (1): 127.0.0.1:8000
DEBUG:urllib3.connectionpool:http://127.0.0.1:8000 "POST /analitica/api/v1/anpejecucionproceso/ HTTP/1.1" 201 176
DEBUG:root:Actualización estado de proceso en el API realizada
DEBUG:root:Empezo predicción modelo percepción de seguridad.
DEBUG:urllib3.connectionpool:Starting new HTTP connection (1): 127.0.0.1:8000
DEBUG:urllib3.connectionpool:http://127.0.0.1:8000 "POST /analitica/api/v1/anpejecucionproceso/ HTTP/1.1" 201 176
DEBUG:root:Actualización estado de proceso en el API realizada
DEBUG:root:Empezo calculo lamda en el periodo de predicción.
DEBUG:root:Termino calculo lamda en el periodo de predicción.
DEBUG:root:Termino predicción modelo percepción de seguridad.
DEBUG:root:Guardando resultado de predicción.
DEBUG:root:Guardado exitosamente resultado de predicción.
DEBUG:urllib3.connectionpool:Starting new HTTP connection (1): 127.0.0.1:8000
DEBUG:urllib3.connectionpool:http://127.0.0.1:8000 "POST /analitica/api/v1/anpejecucionproceso/ HTTP/1.1" 201 176
DEBUG:root:Actualización estado de proceso en el API realizada
DEBUG:py4j.java_gateway:Command to send: m
d
o54
e

DEBUG:py4j.java_gateway:Answer received: !yv
DEBUG:root:Modelo de percepción de seguridad guardado exitosamente.
DEBUG:root:Termino función process.
